[    27.902] (WW) Failed to open protocol names file lib/xorg/protocol.txt
[    27.902] 
X.Org X Server 1.20.1
X Protocol Version 11, Revision 0
[    27.902] Build Operating System: Linux Arch Linux
[    27.902] Current Operating System: Linux ArchTest 4.18.7-arch1-1-ARCH #1 SMP PREEMPT Sun Sep 9 11:27:58 UTC 2018 x86_64
[    27.902] Kernel command line: initrd=\initramfs-linux.img root=PARTUUID=36fdda05-6067-4d68-a4a1-9135bd4200c0 rw
[    27.903] Build Date: 09 August 2018  06:37:34PM
[    27.903]  
[    27.903] Current version of pixman: 0.34.0
[    27.903] 	Before reporting problems, check http://wiki.x.org
	to make sure that you have the latest version.
[    27.903] Markers: (--) probed, (**) from config file, (==) default setting,
	(++) from command line, (!!) notice, (II) informational,
	(WW) warning, (EE) error, (NI) not implemented, (??) unknown.
[    27.903] (==) Log file: "/home/aarleks/.local/share/xorg/Xorg.0.log", Time: Tue Sep 25 15:50:23 2018
[    27.905] (==) Using system config directory "/usr/share/X11/xorg.conf.d"
[    27.905] (==) No Layout section.  Using the first Screen section.
[    27.905] (==) No screen section available. Using defaults.
[    27.905] (**) |-->Screen "Default Screen Section" (0)
[    27.905] (**) |   |-->Monitor "<default monitor>"
[    27.906] (==) No monitor specified for screen "Default Screen Section".
	Using a default monitor configuration.
[    27.906] (==) Automatically adding devices
[    27.906] (==) Automatically enabling devices
[    27.906] (==) Automatically adding GPU devices
[    27.906] (==) Automatically binding GPU devices
[    27.906] (==) Max clients allowed: 256, resource mask: 0x1fffff
[    27.906] (WW) The directory "/usr/share/fonts/misc" does not exist.
[    27.906] 	Entry deleted from font path.
[    27.907] (WW) The directory "/usr/share/fonts/OTF" does not exist.
[    27.907] 	Entry deleted from font path.
[    27.907] (WW) The directory "/usr/share/fonts/Type1" does not exist.
[    27.907] 	Entry deleted from font path.
[    27.907] (WW) The directory "/usr/share/fonts/100dpi" does not exist.
[    27.907] 	Entry deleted from font path.
[    27.907] (WW) The directory "/usr/share/fonts/75dpi" does not exist.
[    27.907] 	Entry deleted from font path.
[    27.907] (==) FontPath set to:
	/usr/share/fonts/TTF
[    27.907] (==) ModulePath set to "/usr/lib/xorg/modules"
[    27.907] (II) The server relies on udev to provide the list of input devices.
	If no devices become available, reconfigure udev or disable AutoAddDevices.
[    27.907] (II) Module ABI versions:
[    27.907] 	X.Org ANSI C Emulation: 0.4
[    27.907] 	X.Org Video Driver: 24.0
[    27.907] 	X.Org XInput driver : 24.1
[    27.907] 	X.Org Server Extension : 10.0
[    27.908] (++) using VT number 1

[    27.911] (II) systemd-logind: took control of session /org/freedesktop/login1/session/_31
[    27.912] (II) xfree86: Adding drm device (/dev/dri/card0)
[    27.914] (II) systemd-logind: got fd for /dev/dri/card0 226:0 fd 10 paused 0
[    27.919] (--) PCI:*(0@0:2:0) 8086:0166:144d:c0e8 rev 9, Mem @ 0xf7800000/4194304, 0xe0000000/268435456, I/O @ 0x0000f000/64, BIOS @ 0x????????/131072
[    27.920] (WW) Open ACPI failed (/var/run/acpid.socket) (No such file or directory)
[    27.920] (II) LoadModule: "glx"
[    27.921] (II) Loading /usr/lib/xorg/modules/extensions/libglx.so
[    27.930] (II) Module glx: vendor="X.Org Foundation"
[    27.930] 	compiled for 1.20.1, module version = 1.0.0
[    27.930] 	ABI class: X.Org Server Extension, version 10.0
[    27.930] (==) Matched intel as autoconfigured driver 0
[    27.930] (==) Matched modesetting as autoconfigured driver 1
[    27.930] (==) Matched fbdev as autoconfigured driver 2
[    27.930] (==) Matched vesa as autoconfigured driver 3
[    27.930] (==) Assigned the driver to the xf86ConfigLayout
[    27.930] (II) LoadModule: "intel"
[    27.930] (WW) Warning, couldn't open module intel
[    27.930] (EE) Failed to load module "intel" (module does not exist, 0)
[    27.930] (II) LoadModule: "modesetting"
[    27.931] (II) Loading /usr/lib/xorg/modules/drivers/modesetting_drv.so
[    27.933] (II) Module modesetting: vendor="X.Org Foundation"
[    27.933] 	compiled for 1.20.1, module version = 1.20.1
[    27.933] 	Module class: X.Org Video Driver
[    27.933] 	ABI class: X.Org Video Driver, version 24.0
[    27.933] (II) LoadModule: "fbdev"
[    27.933] (WW) Warning, couldn't open module fbdev
[    27.933] (EE) Failed to load module "fbdev" (module does not exist, 0)
[    27.933] (II) LoadModule: "vesa"
[    27.933] (WW) Warning, couldn't open module vesa
[    27.933] (EE) Failed to load module "vesa" (module does not exist, 0)
[    27.933] (II) modesetting: Driver for Modesetting Kernel Drivers: kms
[    27.933] (II) modeset(0): using drv /dev/dri/card0
[    27.933] (WW) VGA arbiter: cannot open kernel arbiter, no multi-card support
[    27.933] (II) modeset(0): Creating default Display subsection in Screen section
	"Default Screen Section" for depth/fbbpp 24/32
[    27.933] (==) modeset(0): Depth 24, (==) framebuffer bpp 32
[    27.933] (==) modeset(0): RGB weight 888
[    27.933] (==) modeset(0): Default visual is TrueColor
[    27.934] (II) Loading sub module "glamoregl"
[    27.934] (II) LoadModule: "glamoregl"
[    27.934] (II) Loading /usr/lib/xorg/modules/libglamoregl.so
[    27.942] (II) Module glamoregl: vendor="X.Org Foundation"
[    27.942] 	compiled for 1.20.1, module version = 1.0.1
[    27.942] 	ABI class: X.Org ANSI C Emulation, version 0.4
[    27.994] (II) modeset(0): glamor X acceleration enabled on Mesa DRI Intel(R) Ivybridge Mobile 
[    27.994] (II) modeset(0): glamor initialized
[    27.994] (II) modeset(0): Output eDP-1 has no monitor section
[    27.996] (II) modeset(0): Output VGA-1 has no monitor section
[    27.997] (II) modeset(0): Output HDMI-1 has no monitor section
[    27.997] (II) modeset(0): Output DP-1 has no monitor section
[    27.998] (II) modeset(0): EDID for output eDP-1
[    27.998] (II) modeset(0): Manufacturer: CMN  Model: 1343  Serial#: 0
[    27.998] (II) modeset(0): Year: 2012  Week: 52
[    27.999] (II) modeset(0): EDID Version: 1.4
[    27.999] (II) modeset(0): Digital Display Input
[    27.999] (II) modeset(0): 8 bits per channel
[    27.999] (II) modeset(0): Digital interface is DisplayPort
[    27.999] (II) modeset(0): Max Image Size [cm]: horiz.: 29  vert.: 17
[    27.999] (II) modeset(0): Gamma: 2.20
[    27.999] (II) modeset(0): No DPMS capabilities specified
[    27.999] (II) modeset(0): Supported color encodings: RGB 4:4:4 
[    27.999] (II) modeset(0): First detailed timing is preferred mode
[    27.999] (II) modeset(0): Preferred mode is native pixel format and refresh rate
[    27.999] (II) modeset(0): redX: 0.662 redY: 0.325   greenX: 0.297 greenY: 0.589
[    27.999] (II) modeset(0): blueX: 0.146 blueY: 0.068   whiteX: 0.312 whiteY: 0.325
[    27.999] (II) modeset(0): Manufacturer's mask: 0
[    27.999] (II) modeset(0): Supported detailed timing:
[    27.999] (II) modeset(0): clock: 138.8 MHz   Image Size:  294 x 165 mm
[    27.999] (II) modeset(0): h_active: 1920  h_sync: 1966  h_sync_end 1996 h_blank_end 2080 h_border: 0
[    27.999] (II) modeset(0): v_active: 1080  v_sync: 1082  v_sync_end 1086 v_blanking: 1112 v_border: 0
[    27.999] (II) modeset(0): Supported detailed timing:
[    27.999] (II) modeset(0): clock: 92.5 MHz   Image Size:  294 x 165 mm
[    27.999] (II) modeset(0): h_active: 1920  h_sync: 1966  h_sync_end 1996 h_blank_end 2080 h_border: 0
[    27.999] (II) modeset(0): v_active: 1080  v_sync: 1082  v_sync_end 1086 v_blanking: 1112 v_border: 0
[    27.999] (II) modeset(0):  CMN
[    27.999] (II) modeset(0):  N133HSE-EA1
[    27.999] (II) modeset(0): EDID (in hex):
[    27.999] (II) modeset(0): 	00ffffffffffff000dae431300000000
[    27.999] (II) modeset(0): 	34160104a51d11780293ada9534c9625
[    27.999] (II) modeset(0): 	114f5300000001010101010101010101
[    27.999] (II) modeset(0): 	010101010101363680a0703820402e1e
[    27.999] (II) modeset(0): 	240026a510000018242480a070382040
[    27.999] (II) modeset(0): 	2e1e240026a510000018000000fe0043
[    27.999] (II) modeset(0): 	4d4e0a202020202020202020000000fe
[    27.999] (II) modeset(0): 	004e3133334853452d4541310a2000b2
[    27.999] (II) modeset(0): Printing probed modes for output eDP-1
[    27.999] (II) modeset(0): Modeline "1920x1080"x60.0  138.78  1920 1966 1996 2080  1080 1082 1086 1112 -hsync -vsync (66.7 kHz eP)
[    27.999] (II) modeset(0): Modeline "1920x1080"x119.9  266.50  1920 1944 1960 2000  1080 1081 1084 1111 doublescan +hsync -vsync (133.2 kHz d)
[    27.999] (II) modeset(0): Modeline "1920x1080"x60.0  173.00  1920 2048 2248 2576  1080 1083 1088 1120 -hsync +vsync (67.2 kHz d)
[    27.999] (II) modeset(0): Modeline "1920x1080"x59.9  138.50  1920 1968 2000 2080  1080 1083 1088 1111 +hsync -vsync (66.6 kHz d)
[    27.999] (II) modeset(0): Modeline "1920x1080"x40.0   92.52  1920 1966 1996 2080  1080 1082 1086 1112 -hsync -vsync (44.5 kHz e)
[    27.999] (II) modeset(0): Modeline "1680x1050"x60.0  146.25  1680 1784 1960 2240  1050 1053 1059 1089 -hsync +vsync (65.3 kHz d)
[    27.999] (II) modeset(0): Modeline "1680x1050"x59.9  119.00  1680 1728 1760 1840  1050 1053 1059 1080 +hsync -vsync (64.7 kHz d)
[    27.999] (II) modeset(0): Modeline "1400x1050"x60.0  122.00  1400 1488 1640 1880  1050 1052 1064 1082 +hsync +vsync (64.9 kHz d)
[    27.999] (II) modeset(0): Modeline "1600x900"x120.0  246.00  1600 1728 1900 2200  900 901 904 932 doublescan -hsync +vsync (111.8 kHz d)
[    27.999] (II) modeset(0): Modeline "1600x900"x119.9  186.50  1600 1624 1640 1680  900 901 904 926 doublescan +hsync -vsync (111.0 kHz d)
[    27.999] (II) modeset(0): Modeline "1600x900"x59.9  118.25  1600 1696 1856 2112  900 903 908 934 -hsync +vsync (56.0 kHz d)
[    27.999] (II) modeset(0): Modeline "1600x900"x59.8   97.50  1600 1648 1680 1760  900 903 908 926 +hsync -vsync (55.4 kHz d)
[    27.999] (II) modeset(0): Modeline "1280x1024"x60.0  108.00  1280 1328 1440 1688  1024 1025 1028 1066 +hsync +vsync (64.0 kHz d)
[    27.999] (II) modeset(0): Modeline "1400x900"x60.0  103.50  1400 1480 1624 1848  900 903 913 934 -hsync +vsync (56.0 kHz d)
[    27.999] (II) modeset(0): Modeline "1400x900"x59.9   86.50  1400 1448 1480 1560  900 903 913 926 +hsync -vsync (55.4 kHz d)
[    27.999] (II) modeset(0): Modeline "1280x960"x60.0  108.00  1280 1376 1488 1800  960 961 964 1000 +hsync +vsync (60.0 kHz d)
[    27.999] (II) modeset(0): Modeline "1440x810"x120.0  198.12  1440 1548 1704 1968  810 811 814 839 doublescan -hsync +vsync (100.7 kHz d)
[    27.999] (II) modeset(0): Modeline "1440x810"x119.9  151.88  1440 1464 1480 1520  810 811 814 833 doublescan +hsync -vsync (99.9 kHz d)
[    27.999] (II) modeset(0): Modeline "1368x768"x59.9   85.25  1368 1440 1576 1784  768 771 781 798 -hsync +vsync (47.8 kHz d)
[    27.999] (II) modeset(0): Modeline "1368x768"x59.9   72.25  1368 1416 1448 1528  768 771 781 790 +hsync -vsync (47.3 kHz d)
[    27.999] (II) modeset(0): Modeline "1280x800"x120.0  174.25  1280 1380 1516 1752  800 801 804 829 doublescan -hsync +vsync (99.5 kHz d)
[    27.999] (II) modeset(0): Modeline "1280x800"x119.9  134.25  1280 1304 1320 1360  800 801 804 823 doublescan +hsync -vsync (98.7 kHz d)
[    27.999] (II) modeset(0): Modeline "1280x800"x59.8   83.50  1280 1352 1480 1680  800 803 809 831 -hsync +vsync (49.7 kHz d)
[    27.999] (II) modeset(0): Modeline "1280x800"x59.9   71.00  1280 1328 1360 1440  800 803 809 823 +hsync -vsync (49.3 kHz d)
[    27.999] (II) modeset(0): Modeline "1280x720"x120.0  156.12  1280 1376 1512 1744  720 721 724 746 doublescan -hsync +vsync (89.5 kHz d)
[    28.000] (II) modeset(0): Modeline "1280x720"x120.0  120.75  1280 1304 1320 1360  720 721 724 740 doublescan +hsync -vsync (88.8 kHz d)
[    28.000] (II) modeset(0): Modeline "1280x720"x59.9   74.50  1280 1344 1472 1664  720 723 728 748 -hsync +vsync (44.8 kHz d)
[    28.000] (II) modeset(0): Modeline "1280x720"x59.7   63.75  1280 1328 1360 1440  720 723 728 741 +hsync -vsync (44.3 kHz d)
[    28.000] (II) modeset(0): Modeline "1024x768"x120.1  133.47  1024 1100 1212 1400  768 768 770 794 doublescan -hsync +vsync (95.3 kHz d)
[    28.000] (II) modeset(0): Modeline "1024x768"x60.0   65.00  1024 1048 1184 1344  768 771 777 806 -hsync -vsync (48.4 kHz d)
[    28.000] (II) modeset(0): Modeline "960x720"x120.0  117.00  960 1024 1128 1300  720 720 722 750 doublescan -hsync +vsync (90.0 kHz d)
[    28.000] (II) modeset(0): Modeline "928x696"x120.1  109.15  928 976 1088 1264  696 696 698 719 doublescan -hsync +vsync (86.4 kHz d)
[    28.000] (II) modeset(0): Modeline "896x672"x120.0  102.40  896 960 1060 1224  672 672 674 697 doublescan -hsync +vsync (83.7 kHz d)
[    28.000] (II) modeset(0): Modeline "1024x576"x119.9   98.50  1024 1092 1200 1376  576 577 580 597 doublescan -hsync +vsync (71.6 kHz d)
[    28.000] (II) modeset(0): Modeline "1024x576"x119.9   78.38  1024 1048 1064 1104  576 577 580 592 doublescan +hsync -vsync (71.0 kHz d)
[    28.000] (II) modeset(0): Modeline "1024x576"x59.9   46.50  1024 1064 1160 1296  576 579 584 599 -hsync +vsync (35.9 kHz d)
[    28.000] (II) modeset(0): Modeline "1024x576"x59.8   42.00  1024 1072 1104 1184  576 579 584 593 +hsync -vsync (35.5 kHz d)
[    28.000] (II) modeset(0): Modeline "960x600"x119.9   96.62  960 1028 1128 1296  600 601 604 622 doublescan -hsync +vsync (74.6 kHz d)
[    28.000] (II) modeset(0): Modeline "960x600"x120.0   77.00  960 984 1000 1040  600 601 604 617 doublescan +hsync -vsync (74.0 kHz d)
[    28.000] (II) modeset(0): Modeline "960x540"x119.9   86.50  960 1024 1124 1288  540 541 544 560 doublescan -hsync +vsync (67.2 kHz d)
[    28.000] (II) modeset(0): Modeline "960x540"x120.0   69.25  960 984 1000 1040  540 541 544 555 doublescan +hsync -vsync (66.6 kHz d)
[    28.000] (II) modeset(0): Modeline "960x540"x59.6   40.75  960 992 1088 1216  540 543 548 562 -hsync +vsync (33.5 kHz d)
[    28.000] (II) modeset(0): Modeline "960x540"x59.8   37.25  960 1008 1040 1120  540 543 548 556 +hsync -vsync (33.3 kHz d)
[    28.000] (II) modeset(0): Modeline "800x600"x120.0   81.00  800 832 928 1080  600 600 602 625 doublescan +hsync +vsync (75.0 kHz d)
[    28.000] (II) modeset(0): Modeline "800x600"x60.3   40.00  800 840 968 1056  600 601 605 628 +hsync +vsync (37.9 kHz d)
[    28.000] (II) modeset(0): Modeline "800x600"x56.2   36.00  800 824 896 1024  600 601 603 625 +hsync +vsync (35.2 kHz d)
[    28.000] (II) modeset(0): Modeline "840x525"x120.0   73.12  840 892 980 1120  525 526 529 544 doublescan -hsync +vsync (65.3 kHz d)
[    28.000] (II) modeset(0): Modeline "840x525"x119.8   59.50  840 864 880 920  525 526 529 540 doublescan +hsync -vsync (64.7 kHz d)
[    28.000] (II) modeset(0): Modeline "864x486"x59.9   32.50  864 888 968 1072  486 489 494 506 -hsync +vsync (30.3 kHz d)
[    28.000] (II) modeset(0): Modeline "864x486"x59.6   30.50  864 912 944 1024  486 489 494 500 +hsync -vsync (29.8 kHz d)
[    28.000] (II) modeset(0): Modeline "700x525"x120.0   61.00  700 744 820 940  525 526 532 541 doublescan +hsync +vsync (64.9 kHz d)
[    28.000] (II) modeset(0): Modeline "800x450"x119.9   59.12  800 848 928 1056  450 451 454 467 doublescan -hsync +vsync (56.0 kHz d)
[    28.000] (II) modeset(0): Modeline "800x450"x119.6   48.75  800 824 840 880  450 451 454 463 doublescan +hsync -vsync (55.4 kHz d)
[    28.000] (II) modeset(0): Modeline "640x512"x120.0   54.00  640 664 720 844  512 512 514 533 doublescan +hsync +vsync (64.0 kHz d)
[    28.000] (II) modeset(0): Modeline "700x450"x119.9   51.75  700 740 812 924  450 451 456 467 doublescan -hsync +vsync (56.0 kHz d)
[    28.000] (II) modeset(0): Modeline "700x450"x119.8   43.25  700 724 740 780  450 451 456 463 doublescan +hsync -vsync (55.4 kHz d)
[    28.000] (II) modeset(0): Modeline "640x480"x120.0   54.00  640 688 744 900  480 480 482 500 doublescan +hsync +vsync (60.0 kHz d)
[    28.000] (II) modeset(0): Modeline "640x480"x59.9   25.18  640 656 752 800  480 490 492 525 -hsync -vsync (31.5 kHz d)
[    28.000] (II) modeset(0): Modeline "720x405"x59.5   22.50  720 744 808 896  405 408 413 422 -hsync +vsync (25.1 kHz d)
[    28.000] (II) modeset(0): Modeline "720x405"x59.0   21.75  720 768 800 880  405 408 413 419 +hsync -vsync (24.7 kHz d)
[    28.000] (II) modeset(0): Modeline "684x384"x119.8   42.62  684 720 788 892  384 385 390 399 doublescan -hsync +vsync (47.8 kHz d)
[    28.000] (II) modeset(0): Modeline "684x384"x119.7   36.12  684 708 724 764  384 385 390 395 doublescan +hsync -vsync (47.3 kHz d)
[    28.000] (II) modeset(0): Modeline "640x400"x119.8   41.75  640 676 740 840  400 401 404 415 doublescan -hsync +vsync (49.7 kHz d)
[    28.000] (II) modeset(0): Modeline "640x400"x120.0   35.50  640 664 680 720  400 401 404 411 doublescan +hsync -vsync (49.3 kHz d)
[    28.000] (II) modeset(0): Modeline "640x360"x119.7   37.25  640 672 736 832  360 361 364 374 doublescan -hsync +vsync (44.8 kHz d)
[    28.000] (II) modeset(0): Modeline "640x360"x119.7   31.88  640 664 680 720  360 361 364 370 doublescan +hsync -vsync (44.3 kHz d)
[    28.000] (II) modeset(0): Modeline "640x360"x59.8   18.00  640 664 720 800  360 363 368 376 -hsync +vsync (22.5 kHz d)
[    28.000] (II) modeset(0): Modeline "640x360"x59.3   17.75  640 688 720 800  360 363 368 374 +hsync -vsync (22.2 kHz d)
[    28.000] (II) modeset(0): Modeline "512x384"x120.0   32.50  512 524 592 672  384 385 388 403 doublescan -hsync -vsync (48.4 kHz d)
[    28.000] (II) modeset(0): Modeline "512x288"x120.0   23.25  512 532 580 648  288 289 292 299 doublescan -hsync +vsync (35.9 kHz d)
[    28.000] (II) modeset(0): Modeline "512x288"x119.8   21.00  512 536 552 592  288 289 292 296 doublescan +hsync -vsync (35.5 kHz d)
[    28.000] (II) modeset(0): Modeline "480x270"x119.3   20.38  480 496 544 608  270 271 274 281 doublescan -hsync +vsync (33.5 kHz d)
[    28.000] (II) modeset(0): Modeline "480x270"x119.6   18.62  480 504 520 560  270 271 274 278 doublescan +hsync -vsync (33.3 kHz d)
[    28.000] (II) modeset(0): Modeline "400x300"x120.6   20.00  400 420 484 528  300 300 302 314 doublescan +hsync +vsync (37.9 kHz d)
[    28.000] (II) modeset(0): Modeline "400x300"x112.7   18.00  400 412 448 512  300 300 301 312 doublescan +hsync +vsync (35.2 kHz d)
[    28.000] (II) modeset(0): Modeline "432x243"x119.8   16.25  432 444 484 536  243 244 247 253 doublescan -hsync +vsync (30.3 kHz d)
[    28.000] (II) modeset(0): Modeline "432x243"x119.1   15.25  432 456 472 512  243 244 247 250 doublescan +hsync -vsync (29.8 kHz d)
[    28.000] (II) modeset(0): Modeline "320x240"x120.1   12.59  320 328 376 400  240 245 246 262 doublescan -hsync -vsync (31.5 kHz d)
[    28.000] (II) modeset(0): Modeline "360x202"x119.0   11.25  360 372 404 448  202 204 206 211 doublescan -hsync +vsync (25.1 kHz d)
[    28.000] (II) modeset(0): Modeline "360x202"x118.3   10.88  360 384 400 440  202 204 206 209 doublescan +hsync -vsync (24.7 kHz d)
[    28.000] (II) modeset(0): Modeline "320x180"x119.7    9.00  320 332 360 400  180 181 184 188 doublescan -hsync +vsync (22.5 kHz d)
[    28.000] (II) modeset(0): Modeline "320x180"x118.6    8.88  320 344 360 400  180 181 184 187 doublescan +hsync -vsync (22.2 kHz d)
[    28.001] (II) modeset(0): EDID for output VGA-1
[    28.003] (II) modeset(0): EDID for output HDMI-1
[    28.003] (II) modeset(0): EDID for output DP-1
[    28.003] (II) modeset(0): Output eDP-1 connected
[    28.003] (II) modeset(0): Output VGA-1 disconnected
[    28.003] (II) modeset(0): Output HDMI-1 disconnected
[    28.003] (II) modeset(0): Output DP-1 disconnected
[    28.003] (II) modeset(0): Using exact sizes for initial modes
[    28.003] (II) modeset(0): Output eDP-1 using initial mode 1920x1080 +0+0
[    28.003] (==) modeset(0): Using gamma correction (1.0, 1.0, 1.0)
[    28.003] (==) modeset(0): DPI set to (96, 96)
[    28.003] (II) Loading sub module "fb"
[    28.003] (II) LoadModule: "fb"
[    28.003] (II) Loading /usr/lib/xorg/modules/libfb.so
[    28.004] (II) Module fb: vendor="X.Org Foundation"
[    28.004] 	compiled for 1.20.1, module version = 1.0.0
[    28.004] 	ABI class: X.Org ANSI C Emulation, version 0.4
[    28.016] (==) modeset(0): Backing store enabled
[    28.016] (==) modeset(0): Silken mouse disabled
[    28.057] (II) modeset(0): Initializing kms color map for depth 24, 8 bpc.
[    28.058] (==) modeset(0): DPMS enabled
[    28.059] (II) modeset(0): [DRI2] Setup complete
[    28.059] (II) modeset(0): [DRI2]   DRI driver: i965
[    28.059] (II) modeset(0): [DRI2]   VDPAU driver: i965
[    28.059] (II) Initializing extension Generic Event Extension
[    28.059] (II) Initializing extension SHAPE
[    28.059] (II) Initializing extension MIT-SHM
[    28.059] (II) Initializing extension XInputExtension
[    28.059] (II) Initializing extension XTEST
[    28.059] (II) Initializing extension BIG-REQUESTS
[    28.059] (II) Initializing extension SYNC
[    28.059] (II) Initializing extension XKEYBOARD
[    28.059] (II) Initializing extension XC-MISC
[    28.059] (II) Initializing extension SECURITY
[    28.059] (II) Initializing extension XFIXES
[    28.059] (II) Initializing extension RENDER
[    28.059] (II) Initializing extension RANDR
[    28.059] (II) Initializing extension COMPOSITE
[    28.059] (II) Initializing extension DAMAGE
[    28.059] (II) Initializing extension MIT-SCREEN-SAVER
[    28.059] (II) Initializing extension DOUBLE-BUFFER
[    28.059] (II) Initializing extension RECORD
[    28.059] (II) Initializing extension DPMS
[    28.059] (II) Initializing extension Present
[    28.059] (II) Initializing extension DRI3
[    28.059] (II) Initializing extension X-Resource
[    28.060] (II) Initializing extension XVideo
[    28.060] (II) Initializing extension XVideo-MotionCompensation
[    28.060] (II) Initializing extension GLX
[    28.072] (II) AIGLX: Loaded and initialized i965
[    28.072] (II) GLX: Initialized DRI2 GL provider for screen 0
[    28.072] (II) Initializing extension XFree86-VidModeExtension
[    28.072] (II) Initializing extension XFree86-DGA
[    28.072] (II) Initializing extension XFree86-DRI
[    28.072] (II) Initializing extension DRI2
[    28.081] (II) modeset(0): Damage tracking initialized
[    28.081] (II) modeset(0): Setting screen physical size to 508 x 285
[    28.153] (II) config/udev: Adding input device Power Button (/dev/input/event2)
[    28.153] (**) Power Button: Applying InputClass "libinput keyboard catchall"
[    28.153] (II) LoadModule: "libinput"
[    28.154] (II) Loading /usr/lib/xorg/modules/input/libinput_drv.so
[    28.158] (II) Module libinput: vendor="X.Org Foundation"
[    28.158] 	compiled for 1.20.0, module version = 0.28.0
[    28.158] 	Module class: X.Org XInput Driver
[    28.158] 	ABI class: X.Org XInput driver, version 24.1
[    28.158] (II) Using input driver 'libinput' for 'Power Button'
[    28.159] (II) systemd-logind: got fd for /dev/input/event2 13:66 fd 14 paused 0
[    28.160] (**) Power Button: always reports core events
[    28.160] (**) Option "Device" "/dev/input/event2"
[    28.160] (**) Option "_source" "server/udev"
[    28.166] (II) event2  - Power Button: is tagged by udev as: Keyboard
[    28.166] (II) event2  - Power Button: device is a keyboard
[    28.166] (II) event2  - Power Button: device removed
[    28.166] (**) Option "config_info" "udev:/sys/devices/LNXSYSTM:00/LNXPWRBN:00/input/input2/event2"
[    28.166] (II) XINPUT: Adding extended input device "Power Button" (type: KEYBOARD, id 6)
[    28.167] (II) event2  - Power Button: is tagged by udev as: Keyboard
[    28.167] (II) event2  - Power Button: device is a keyboard
[    28.168] (II) config/udev: Adding input device Video Bus (/dev/input/event5)
[    28.168] (**) Video Bus: Applying InputClass "libinput keyboard catchall"
[    28.168] (II) Using input driver 'libinput' for 'Video Bus'
[    28.169] (II) systemd-logind: got fd for /dev/input/event5 13:69 fd 17 paused 0
[    28.169] (**) Video Bus: always reports core events
[    28.169] (**) Option "Device" "/dev/input/event5"
[    28.169] (**) Option "_source" "server/udev"
[    28.171] (II) event5  - Video Bus: is tagged by udev as: Keyboard
[    28.171] (II) event5  - Video Bus: device is a keyboard
[    28.171] (II) event5  - Video Bus: device removed
[    28.171] (**) Option "config_info" "udev:/sys/devices/LNXSYSTM:00/LNXSYBUS:00/PNP0A08:00/LNXVIDEO:00/input/input7/event5"
[    28.171] (II) XINPUT: Adding extended input device "Video Bus" (type: KEYBOARD, id 7)
[    28.173] (II) event5  - Video Bus: is tagged by udev as: Keyboard
[    28.173] (II) event5  - Video Bus: device is a keyboard
[    28.174] (II) config/udev: Adding input device Power Button (/dev/input/event1)
[    28.174] (**) Power Button: Applying InputClass "libinput keyboard catchall"
[    28.174] (II) Using input driver 'libinput' for 'Power Button'
[    28.175] (II) systemd-logind: got fd for /dev/input/event1 13:65 fd 18 paused 0
[    28.175] (**) Power Button: always reports core events
[    28.175] (**) Option "Device" "/dev/input/event1"
[    28.175] (**) Option "_source" "server/udev"
[    28.177] (II) event1  - Power Button: is tagged by udev as: Keyboard
[    28.177] (II) event1  - Power Button: device is a keyboard
[    28.177] (II) event1  - Power Button: device removed
[    28.177] (**) Option "config_info" "udev:/sys/devices/LNXSYSTM:00/LNXSYBUS:00/PNP0C0C:00/input/input1/event1"
[    28.177] (II) XINPUT: Adding extended input device "Power Button" (type: KEYBOARD, id 8)
[    28.178] (II) event1  - Power Button: is tagged by udev as: Keyboard
[    28.178] (II) event1  - Power Button: device is a keyboard
[    28.179] (II) config/udev: Adding input device Lid Switch (/dev/input/event0)
[    28.179] (II) No input driver specified, ignoring this device.
[    28.179] (II) This device may have been added with another device file.
[    28.181] (II) config/udev: Adding input device NOVATEK USB Keyboard (/dev/input/event11)
[    28.182] (**) NOVATEK USB Keyboard: Applying InputClass "libinput keyboard catchall"
[    28.182] (II) Using input driver 'libinput' for 'NOVATEK USB Keyboard'
[    28.183] (II) systemd-logind: got fd for /dev/input/event11 13:75 fd 19 paused 0
[    28.183] (**) NOVATEK USB Keyboard: always reports core events
[    28.183] (**) Option "Device" "/dev/input/event11"
[    28.183] (**) Option "_source" "server/udev"
[    28.186] (II) event11 - NOVATEK USB Keyboard: is tagged by udev as: Keyboard
[    28.186] (II) event11 - NOVATEK USB Keyboard: device is a keyboard
[    28.186] (II) event11 - NOVATEK USB Keyboard: device removed
[    28.186] (**) Option "config_info" "udev:/sys/devices/pci0000:00/0000:00:14.0/usb1/1-1/1-1:1.0/0003:0603:00F2.0001/input/input12/event11"
[    28.186] (II) XINPUT: Adding extended input device "NOVATEK USB Keyboard" (type: KEYBOARD, id 9)
[    28.189] (II) event11 - NOVATEK USB Keyboard: is tagged by udev as: Keyboard
[    28.189] (II) event11 - NOVATEK USB Keyboard: device is a keyboard
[    28.191] (II) config/udev: Adding input device NOVATEK USB Keyboard System Control (/dev/input/event12)
[    28.191] (**) NOVATEK USB Keyboard System Control: Applying InputClass "libinput keyboard catchall"
[    28.191] (II) Using input driver 'libinput' for 'NOVATEK USB Keyboard System Control'
[    28.193] (II) systemd-logind: got fd for /dev/input/event12 13:76 fd 20 paused 0
[    28.193] (**) NOVATEK USB Keyboard System Control: always reports core events
[    28.193] (**) Option "Device" "/dev/input/event12"
[    28.193] (**) Option "_source" "server/udev"
[    28.194] (II) event12 - NOVATEK USB Keyboard System Control: is tagged by udev as: Keyboard
[    28.194] (II) event12 - NOVATEK USB Keyboard System Control: device is a keyboard
[    28.194] (II) event12 - NOVATEK USB Keyboard System Control: device removed
[    28.194] (**) Option "config_info" "udev:/sys/devices/pci0000:00/0000:00:14.0/usb1/1-1/1-1:1.1/0003:0603:00F2.0002/input/input13/event12"
[    28.194] (II) XINPUT: Adding extended input device "NOVATEK USB Keyboard System Control" (type: KEYBOARD, id 10)
[    28.196] (II) event12 - NOVATEK USB Keyboard System Control: is tagged by udev as: Keyboard
[    28.196] (II) event12 - NOVATEK USB Keyboard System Control: device is a keyboard
[    28.197] (II) config/udev: Adding input device NOVATEK USB Keyboard Consumer Control (/dev/input/event13)
[    28.197] (**) NOVATEK USB Keyboard Consumer Control: Applying InputClass "libinput keyboard catchall"
[    28.197] (II) Using input driver 'libinput' for 'NOVATEK USB Keyboard Consumer Control'
[    28.199] (II) systemd-logind: got fd for /dev/input/event13 13:77 fd 21 paused 0
[    28.199] (**) NOVATEK USB Keyboard Consumer Control: always reports core events
[    28.199] (**) Option "Device" "/dev/input/event13"
[    28.199] (**) Option "_source" "server/udev"
[    28.201] (II) event13 - NOVATEK USB Keyboard Consumer Control: is tagged by udev as: Keyboard
[    28.202] (II) event13 - NOVATEK USB Keyboard Consumer Control: device is a keyboard
[    28.202] (II) event13 - NOVATEK USB Keyboard Consumer Control: device removed
[    28.202] (**) Option "config_info" "udev:/sys/devices/pci0000:00/0000:00:14.0/usb1/1-1/1-1:1.1/0003:0603:00F2.0002/input/input14/event13"
[    28.202] (II) XINPUT: Adding extended input device "NOVATEK USB Keyboard Consumer Control" (type: KEYBOARD, id 11)
[    28.204] (II) event13 - NOVATEK USB Keyboard Consumer Control: is tagged by udev as: Keyboard
[    28.204] (II) event13 - NOVATEK USB Keyboard Consumer Control: device is a keyboard
[    28.206] (II) config/udev: Adding input device NOVATEK USB Keyboard (/dev/input/event14)
[    28.206] (**) NOVATEK USB Keyboard: Applying InputClass "libinput pointer catchall"
[    28.206] (II) Using input driver 'libinput' for 'NOVATEK USB Keyboard'
[    28.207] (II) systemd-logind: got fd for /dev/input/event14 13:78 fd 22 paused 0
[    28.208] (**) NOVATEK USB Keyboard: always reports core events
[    28.208] (**) Option "Device" "/dev/input/event14"
[    28.208] (**) Option "_source" "server/udev"
[    28.210] (II) event14 - NOVATEK USB Keyboard: is tagged by udev as: Mouse
[    28.210] (II) event14 - NOVATEK USB Keyboard: device is a pointer
[    28.210] (II) event14 - NOVATEK USB Keyboard: device removed
[    28.210] (**) Option "config_info" "udev:/sys/devices/pci0000:00/0000:00:14.0/usb1/1-1/1-1:1.1/0003:0603:00F2.0002/input/input15/event14"
[    28.210] (II) XINPUT: Adding extended input device "NOVATEK USB Keyboard" (type: MOUSE, id 12)
[    28.210] (**) Option "AccelerationScheme" "none"
[    28.210] (**) NOVATEK USB Keyboard: (accel) selected scheme none/0
[    28.210] (**) NOVATEK USB Keyboard: (accel) acceleration factor: 2.000
[    28.210] (**) NOVATEK USB Keyboard: (accel) acceleration threshold: 4
[    28.212] (II) event14 - NOVATEK USB Keyboard: is tagged by udev as: Mouse
[    28.212] (II) event14 - NOVATEK USB Keyboard: device is a pointer
[    28.213] (II) config/udev: Adding input device WebCam SC-10HDP12631N: WebCam S (/dev/input/event6)
[    28.213] (**) WebCam SC-10HDP12631N: WebCam S: Applying InputClass "libinput keyboard catchall"
[    28.213] (II) Using input driver 'libinput' for 'WebCam SC-10HDP12631N: WebCam S'
[    28.214] (II) systemd-logind: got fd for /dev/input/event6 13:70 fd 23 paused 0
[    28.214] (**) WebCam SC-10HDP12631N: WebCam S: always reports core events
[    28.214] (**) Option "Device" "/dev/input/event6"
[    28.214] (**) Option "_source" "server/udev"
[    28.217] (II) event6  - WebCam SC-10HDP12631N: WebCam S: is tagged by udev as: Keyboard
[    28.217] (II) event6  - WebCam SC-10HDP12631N: WebCam S: device is a keyboard
[    28.217] (II) event6  - WebCam SC-10HDP12631N: WebCam S: device removed
[    28.217] (**) Option "config_info" "udev:/sys/devices/pci0000:00/0000:00:1a.0/usb3/3-1/3-1.4/3-1.4:1.0/input/input8/event6"
[    28.217] (II) XINPUT: Adding extended input device "WebCam SC-10HDP12631N: WebCam S" (type: KEYBOARD, id 13)
[    28.220] (II) event6  - WebCam SC-10HDP12631N: WebCam S: is tagged by udev as: Keyboard
[    28.220] (II) event6  - WebCam SC-10HDP12631N: WebCam S: device is a keyboard
[    28.221] (II) config/udev: Adding input device HDA Intel PCH Headphone (/dev/input/event9)
[    28.221] (II) No input driver specified, ignoring this device.
[    28.221] (II) This device may have been added with another device file.
[    28.221] (II) config/udev: Adding input device HDA Intel PCH HDMI/DP,pcm=3 (/dev/input/event10)
[    28.221] (II) No input driver specified, ignoring this device.
[    28.221] (II) This device may have been added with another device file.
[    28.222] (II) config/udev: Adding input device HDA Intel PCH Mic (/dev/input/event8)
[    28.222] (II) No input driver specified, ignoring this device.
[    28.222] (II) This device may have been added with another device file.
[    28.223] (II) config/udev: Adding input device AT Translated Set 2 keyboard (/dev/input/event3)
[    28.223] (**) AT Translated Set 2 keyboard: Applying InputClass "libinput keyboard catchall"
[    28.223] (II) Using input driver 'libinput' for 'AT Translated Set 2 keyboard'
[    28.225] (II) systemd-logind: got fd for /dev/input/event3 13:67 fd 24 paused 0
[    28.225] (**) AT Translated Set 2 keyboard: always reports core events
[    28.225] (**) Option "Device" "/dev/input/event3"
[    28.225] (**) Option "_source" "server/udev"
[    28.226] (II) event3  - AT Translated Set 2 keyboard: is tagged by udev as: Keyboard
[    28.226] (II) event3  - AT Translated Set 2 keyboard: device is a keyboard
[    28.226] (II) event3  - AT Translated Set 2 keyboard: device removed
[    28.226] (**) Option "config_info" "udev:/sys/devices/platform/i8042/serio0/input/input3/event3"
[    28.226] (II) XINPUT: Adding extended input device "AT Translated Set 2 keyboard" (type: KEYBOARD, id 14)
[    28.228] (II) event3  - AT Translated Set 2 keyboard: is tagged by udev as: Keyboard
[    28.228] (II) event3  - AT Translated Set 2 keyboard: device is a keyboard
[    28.229] (II) config/udev: Adding input device ETPS/2 Elantech Touchpad (/dev/input/event7)
[    28.229] (**) ETPS/2 Elantech Touchpad: Applying InputClass "libinput touchpad catchall"
[    28.229] (II) Using input driver 'libinput' for 'ETPS/2 Elantech Touchpad'
[    28.231] (II) systemd-logind: got fd for /dev/input/event7 13:71 fd 25 paused 0
[    28.231] (**) ETPS/2 Elantech Touchpad: always reports core events
[    28.231] (**) Option "Device" "/dev/input/event7"
[    28.231] (**) Option "_source" "server/udev"
[    28.232] (II) event7  - ETPS/2 Elantech Touchpad: is tagged by udev as: Touchpad
[    28.233] (II) event7  - ETPS/2 Elantech Touchpad: device is a touchpad
[    28.233] (II) event7  - ETPS/2 Elantech Touchpad: device removed
[    28.233] (**) Option "config_info" "udev:/sys/devices/platform/i8042/serio1/input/input6/event7"
[    28.233] (II) XINPUT: Adding extended input device "ETPS/2 Elantech Touchpad" (type: TOUCHPAD, id 15)
[    28.234] (**) Option "AccelerationScheme" "none"
[    28.234] (**) ETPS/2 Elantech Touchpad: (accel) selected scheme none/0
[    28.234] (**) ETPS/2 Elantech Touchpad: (accel) acceleration factor: 2.000
[    28.234] (**) ETPS/2 Elantech Touchpad: (accel) acceleration threshold: 4
[    28.236] (II) event7  - ETPS/2 Elantech Touchpad: is tagged by udev as: Touchpad
[    28.236] (II) event7  - ETPS/2 Elantech Touchpad: device is a touchpad
[    28.237] (II) config/udev: Adding input device ETPS/2 Elantech Touchpad (/dev/input/mouse0)
[    28.237] (II) No input driver specified, ignoring this device.
[    28.237] (II) This device may have been added with another device file.
[    28.238] (II) config/udev: Adding input device PC Speaker (/dev/input/event4)
[    28.238] (II) No input driver specified, ignoring this device.
[    28.238] (II) This device may have been added with another device file.
[    28.703] (II) modeset(0): EDID vendor "CMN", prod id 4931
[    28.703] (II) modeset(0): Printing DDC gathered Modelines:
[    28.703] (II) modeset(0): Modeline "1920x1080"x0.0  138.78  1920 1966 1996 2080  1080 1082 1086 1112 -hsync -vsync (66.7 kHz eP)
[    28.703] (II) modeset(0): Modeline "1920x1080"x0.0   92.52  1920 1966 1996 2080  1080 1082 1086 1112 -hsync -vsync (44.5 kHz e)
[    28.779] (II) modeset(0): EDID vendor "CMN", prod id 4931
[    28.779] (II) modeset(0): Printing DDC gathered Modelines:
[    28.779] (II) modeset(0): Modeline "1920x1080"x0.0  138.78  1920 1966 1996 2080  1080 1082 1086 1112 -hsync -vsync (66.7 kHz eP)
[    28.779] (II) modeset(0): Modeline "1920x1080"x0.0   92.52  1920 1966 1996 2080  1080 1082 1086 1112 -hsync -vsync (44.5 kHz e)
[   128.671] (II) config/udev: Adding input device Logitech USB Receiver Mouse (/dev/input/mouse1)
[   128.671] (II) No input driver specified, ignoring this device.
[   128.671] (II) This device may have been added with another device file.
[   128.722] (II) config/udev: Adding input device Logitech USB Receiver Mouse (/dev/input/event16)
[   128.722] (**) Logitech USB Receiver Mouse: Applying InputClass "libinput pointer catchall"
[   128.722] (II) Using input driver 'libinput' for 'Logitech USB Receiver Mouse'
[   128.723] (II) systemd-logind: got fd for /dev/input/event16 13:80 fd 38 paused 0
[   128.723] (**) Logitech USB Receiver Mouse: always reports core events
[   128.723] (**) Option "Device" "/dev/input/event16"
[   128.723] (**) Option "_source" "server/udev"
[   128.726] (II) event16 - Logitech USB Receiver Mouse: is tagged by udev as: Mouse
[   128.726] (II) event16 - Logitech USB Receiver Mouse: device is a pointer
[   128.726] (II) event16 - Logitech USB Receiver Mouse: device removed
[   128.726] (**) Option "config_info" "udev:/sys/devices/pci0000:00/0000:00:14.0/usb1/1-4/1-4:1.1/0003:046D:C534.0004/input/input17/event16"
[   128.726] (II) XINPUT: Adding extended input device "Logitech USB Receiver Mouse" (type: MOUSE, id 16)
[   128.726] (**) Option "AccelerationScheme" "none"
[   128.726] (**) Logitech USB Receiver Mouse: (accel) selected scheme none/0
[   128.726] (**) Logitech USB Receiver Mouse: (accel) acceleration factor: 2.000
[   128.726] (**) Logitech USB Receiver Mouse: (accel) acceleration threshold: 4
[   128.729] (II) event16 - Logitech USB Receiver Mouse: is tagged by udev as: Mouse
[   128.729] (II) event16 - Logitech USB Receiver Mouse: device is a pointer
[   128.730] (II) config/udev: Adding input device Logitech USB Receiver System Control (/dev/input/event18)
[   128.730] (**) Logitech USB Receiver System Control: Applying InputClass "libinput keyboard catchall"
[   128.730] (II) Using input driver 'libinput' for 'Logitech USB Receiver System Control'
[   128.731] (II) systemd-logind: got fd for /dev/input/event18 13:82 fd 39 paused 0
[   128.731] (**) Logitech USB Receiver System Control: always reports core events
[   128.731] (**) Option "Device" "/dev/input/event18"
[   128.731] (**) Option "_source" "server/udev"
[   128.732] (II) event18 - Logitech USB Receiver System Control: is tagged by udev as: Keyboard
[   128.732] (II) event18 - Logitech USB Receiver System Control: device is a keyboard
[   128.732] (II) event18 - Logitech USB Receiver System Control: device removed
[   128.732] (**) Option "config_info" "udev:/sys/devices/pci0000:00/0000:00:14.0/usb1/1-4/1-4:1.1/0003:046D:C534.0004/input/input19/event18"
[   128.732] (II) XINPUT: Adding extended input device "Logitech USB Receiver System Control" (type: KEYBOARD, id 17)
[   128.734] (II) event18 - Logitech USB Receiver System Control: is tagged by udev as: Keyboard
[   128.734] (II) event18 - Logitech USB Receiver System Control: device is a keyboard
[   128.735] (II) config/udev: Adding input device Logitech USB Receiver (/dev/input/event15)
[   128.735] (**) Logitech USB Receiver: Applying InputClass "libinput keyboard catchall"
[   128.735] (II) Using input driver 'libinput' for 'Logitech USB Receiver'
[   128.736] (II) systemd-logind: got fd for /dev/input/event15 13:79 fd 40 paused 0
[   128.736] (**) Logitech USB Receiver: always reports core events
[   128.736] (**) Option "Device" "/dev/input/event15"
[   128.736] (**) Option "_source" "server/udev"
[   128.739] (II) event15 - Logitech USB Receiver: is tagged by udev as: Keyboard
[   128.739] (II) event15 - Logitech USB Receiver: device is a keyboard
[   128.739] (II) event15 - Logitech USB Receiver: device removed
[   128.739] (**) Option "config_info" "udev:/sys/devices/pci0000:00/0000:00:14.0/usb1/1-4/1-4:1.0/0003:046D:C534.0003/input/input16/event15"
[   128.739] (II) XINPUT: Adding extended input device "Logitech USB Receiver" (type: KEYBOARD, id 18)
[   128.741] (II) event15 - Logitech USB Receiver: is tagged by udev as: Keyboard
[   128.741] (II) event15 - Logitech USB Receiver: device is a keyboard
[   128.821] (II) config/udev: Adding input device Logitech USB Receiver Consumer Control (/dev/input/event17)
[   128.821] (**) Logitech USB Receiver Consumer Control: Applying InputClass "libinput keyboard catchall"
[   128.821] (II) Using input driver 'libinput' for 'Logitech USB Receiver Consumer Control'
[   128.824] (II) systemd-logind: got fd for /dev/input/event17 13:81 fd 41 paused 0
[   128.824] (**) Logitech USB Receiver Consumer Control: always reports core events
[   128.824] (**) Option "Device" "/dev/input/event17"
[   128.824] (**) Option "_source" "server/udev"
[   128.828] (II) event17 - Logitech USB Receiver Consumer Control: is tagged by udev as: Keyboard
[   128.828] (II) event17 - Logitech USB Receiver Consumer Control: device is a keyboard
[   128.828] (II) event17 - Logitech USB Receiver Consumer Control: device removed
[   128.828] (II) libinput: Logitech USB Receiver Consumer Control: needs a virtual subdevice
[   128.828] (**) Option "config_info" "udev:/sys/devices/pci0000:00/0000:00:14.0/usb1/1-4/1-4:1.1/0003:046D:C534.0004/input/input18/event17"
[   128.828] (II) XINPUT: Adding extended input device "Logitech USB Receiver Consumer Control" (type: MOUSE, id 19)
[   128.829] (**) Option "AccelerationScheme" "none"
[   128.829] (**) Logitech USB Receiver Consumer Control: (accel) selected scheme none/0
[   128.829] (**) Logitech USB Receiver Consumer Control: (accel) acceleration factor: 2.000
[   128.829] (**) Logitech USB Receiver Consumer Control: (accel) acceleration threshold: 4
[   128.831] (II) event17 - Logitech USB Receiver Consumer Control: is tagged by udev as: Keyboard
[   128.831] (II) event17 - Logitech USB Receiver Consumer Control: device is a keyboard
[   128.832] (**) Logitech USB Receiver Consumer Control: Applying InputClass "libinput keyboard catchall"
[   128.832] (II) Using input driver 'libinput' for 'Logitech USB Receiver Consumer Control'
[   128.832] (II) systemd-logind: returning pre-existing fd for /dev/input/event17 13:81
[   128.832] (**) Logitech USB Receiver Consumer Control: always reports core events
[   128.832] (**) Option "Device" "/dev/input/event17"
[   128.832] (**) Option "_source" "_driver/libinput"
[   128.832] (II) libinput: Logitech USB Receiver Consumer Control: is a virtual subdevice
[   128.832] (**) Option "config_info" "udev:/sys/devices/pci0000:00/0000:00:14.0/usb1/1-4/1-4:1.1/0003:046D:C534.0004/input/input18/event17"
[   128.832] (II) XINPUT: Adding extended input device "Logitech USB Receiver Consumer Control" (type: KEYBOARD, id 20)
